batch: 103352-413411, loss: 2.985, batch_time: 0.846
batch: 103353-413412, loss: 3.204, batch_time: 0.883
batch: 103353-413413, loss: 3.335, batch_time: 0.844
batch: 103353-413414, loss: 3.078, batch_time: 0.847
batch: 103353-413415, loss: 2.899, batch_time: 0.846
batch: 103354-413416, loss: 2.865, batch_time: 0.883
batch: 103354-413417, loss: 2.744, batch_time: 0.842
batch: 103354-413418, loss: 3.180, batch_time: 0.846
batch: 103354-413419, loss: 3.142, batch_time: 0.847
batch: 103355-413420, loss: 3.274, batch_time: 0.885
batch: 103355-413421, loss: 2.976, batch_time: 0.843
batch: 103355-413422, loss: 3.193, batch_time: 0.846
batch: 103355-413423, loss: 3.117, batch_time: 0.846
batch: 103356-413424, loss: 3.057, batch_time: 0.884
batch: 103356-413425, loss: 3.151, batch_time: 0.842
batch: 103356-413426, loss: 3.112, batch_time: 0.846
batch: 103356-413427, loss: 3.339, batch_time: 0.846
batch: 103357-413428, loss: 2.875, batch_time: 0.883
batch: 103357-413429, loss: 2.969, batch_time: 0.843
batch: 103357-413430, loss: 2.947, batch_time: 0.846
batch: 103357-413431, loss: 3.231, batch_time: 0.845
batch: 103358-413432, loss: 2.779, batch_time: 0.883
batch: 103358-413433, loss: 3.189, batch_time: 0.843
batch: 103358-413434, loss: 2.993, batch_time: 0.846
batch: 103358-413435, loss: 3.145, batch_time: 0.846
batch: 103359-413436, loss: 3.018, batch_time: 0.883
batch: 103359-413437, loss: 3.090, batch_time: 0.842
batch: 103359-413438, loss: 2.985, batch_time: 0.846
batch: 103359-413439, loss: 2.964, batch_time: 0.846
batch: 103360-413440, loss: 3.216, batch_time: 0.883
batch: 103360-413441, loss: 3.093, batch_time: 0.843
batch: 103360-413442, loss: 3.062, batch_time: 0.846
batch: 103360-413443, loss: 3.258, batch_time: 0.846
batch: 103361-413444, loss: 2.957, batch_time: 0.883
batch: 103361-413445, loss: 2.901, batch_time: 0.843
batch: 103361-413446, loss: 3.018, batch_time: 0.845
batch: 103361-413447, loss: 3.042, batch_time: 0.845
batch: 103362-413448, loss: 3.087, batch_time: 0.883
batch: 103362-413449, loss: 3.107, batch_time: 0.843
batch: 103362-413450, loss: 3.112, batch_time: 0.847
batch: 103362-413451, loss: 2.873, batch_time: 0.846
batch: 103363-413452, loss: 2.985, batch_time: 0.883
batch: 103363-413453, loss: 3.005, batch_time: 0.842
batch: 103363-413454, loss: 2.967, batch_time: 0.845
batch: 103363-413455, loss: 3.101, batch_time: 0.846
batch: 103364-413456, loss: 3.046, batch_time: 0.884
batch: 103364-413457, loss: 3.088, batch_time: 0.843
batch: 103364-413458, loss: 3.111, batch_time: 0.846
batch: 103364-413459, loss: 3.242, batch_time: 0.847
batch: 103365-413460, loss: 2.844, batch_time: 0.885
batch: 103365-413461, loss: 3.166, batch_time: 0.844
batch: 103365-413462, loss: 3.081, batch_time: 0.846
batch: 103365-413463, loss: 2.933, batch_time: 0.846
batch: 103366-413464, loss: 2.793, batch_time: 0.888
batch: 103366-413465, loss: 3.243, batch_time: 0.843
batch: 103366-413466, loss: 2.979, batch_time: 0.847
batch: 103366-413467, loss: 3.072, batch_time: 0.847
batch: 103367-413468, loss: 3.044, batch_time: 0.885
batch: 103367-413469, loss: 3.097, batch_time: 0.843
batch: 103367-413470, loss: 3.026, batch_time: 0.847
batch: 103367-413471, loss: 2.867, batch_time: 0.847
batch: 103368-413472, loss: 2.987, batch_time: 0.884
batch: 103368-413473, loss: 2.965, batch_time: 0.843
W0513 17:47:01.254000 140192115330560 torch/distributed/elastic/multiprocessing/api.py:858] Sending process 2031266 closing signal SIGTERM
W0513 17:47:01.256000 140192115330560 torch/distributed/elastic/multiprocessing/api.py:858] Sending process 2031268 closing signal SIGTERM
W0513 17:47:01.258000 140192115330560 torch/distributed/elastic/multiprocessing/api.py:858] Sending process 2031269 closing signal SIGTERM
W0513 17:47:01.263000 140192115330560 torch/distributed/elastic/multiprocessing/api.py:858] Sending process 2031270 closing signal SIGTERM
W0513 17:47:01.271000 140192115330560 torch/distributed/elastic/multiprocessing/api.py:858] Sending process 2031271 closing signal SIGTERM
W0513 17:47:01.273000 140192115330560 torch/distributed/elastic/multiprocessing/api.py:858] Sending process 2031272 closing signal SIGTERM
W0513 17:47:01.278000 140192115330560 torch/distributed/elastic/multiprocessing/api.py:858] Sending process 2031273 closing signal SIGTERM
E0513 17:47:01.548000 140192115330560 torch/distributed/elastic/multiprocessing/api.py:833] failed (exitcode: -15) local_rank: 1 (pid: 2031267) of binary: /usr/local/bin/python3
Traceback (most recent call last):
  File "/usr/local/bin/torchrun", line 8, in <module>
    sys.exit(main())
  File "/usr/local/lib/python3.10/site-packages/torch/distributed/elastic/multiprocessing/errors/__init__.py", line 348, in wrapper
    return f(*args, **kwargs)
  File "/usr/local/lib/python3.10/site-packages/torch/distributed/run.py", line 901, in main
    run(args)
  File "/usr/local/lib/python3.10/site-packages/torch/distributed/run.py", line 892, in run
    elastic_launch(
  File "/usr/local/lib/python3.10/site-packages/torch/distributed/launcher/api.py", line 133, in __call__
    return launch_agent(self._config, self._entrypoint, list(args))
  File "/usr/local/lib/python3.10/site-packages/torch/distributed/launcher/api.py", line 264, in launch_agent
    raise ChildFailedError(
torch.distributed.elastic.multiprocessing.errors.ChildFailedError: 
=========================================================
multi_thread_train.py FAILED
---------------------------------------------------------
Failures:
  <NO_OTHER_FAILURES>
---------------------------------------------------------
Root Cause (first observed failure):
[0]:
  time      : 2026-05-13_17:47:01
  host      : dsw-37832-864d665cc7-86qpr
  rank      : 1 (local_rank: 1)
  exitcode  : -15 (pid: 2031267)
  error_file: <N/A>
  traceback : Signal 15 (SIGTERM) received by PID 2031267
=========================================================
